2023-06-30T04:35:19+00:00 INFO Require to run updater..Start Installation/ Update process
2023-06-30T04:35:19+00:00 INFO Needs DB Update?
2023-06-30T04:35:19+00:00 INFO Current DB Version: 4.6.13
2023-06-30T04:35:19+00:00 INFO Database update require. Start updating database
2023-06-30T04:35:19+00:00 INFO Do Update....
2023-06-30T04:35:19+00:00 INFO Current IG ES DB Version: 4.6.13
2023-06-30T04:35:19+00:00 INFO [Queue] ig_es_add_index_to_list_contacts_table
2023-06-30T04:35:19+00:00 INFO [Queue] ig_es_update_478_db_version
2023-06-30T04:35:19+00:00 INFO [Queue] ig_es_add_primay_key_to_actions_table
2023-06-30T04:35:19+00:00 INFO [Queue] ig_es_update_479_db_version
2023-06-30T04:35:19+00:00 INFO [Queue] ig_es_add_engagement_score_to_contacts_table
2023-06-30T04:35:19+00:00 INFO [Queue] ig_es_calculate_existing_subscribers_engagement_score
2023-06-30T04:35:19+00:00 INFO [Queue] ig_es_update_483_db_version
2023-06-30T04:35:19+00:00 INFO [Queue] ig_es_update_484_create_custom_field_table
2023-06-30T04:35:19+00:00 INFO [Queue] ig_es_update_484_db_version
2023-06-30T04:35:19+00:00 INFO [Queue] ig_es_update_490_alter_contacts_table
2023-06-30T04:35:19+00:00 INFO [Queue] ig_es_update_490_db_version
2023-06-30T04:35:19+00:00 INFO [Queue] ig_es_update_501_migrate_notifications_into_workflows
2023-06-30T04:35:19+00:00 INFO [Queue] ig_es_update_501_db_version
2023-06-30T04:35:19+00:00 INFO [Queue] ig_es_update_503_alter_contacts_table
2023-06-30T04:35:19+00:00 INFO [Queue] ig_es_update_503_alter_sending_queue_table
2023-06-30T04:35:19+00:00 INFO [Queue] ig_es_add_timezone_to_contacts_table
2023-06-30T04:35:19+00:00 INFO [Queue] ig_es_update_503_db_version
2023-06-30T04:35:19+00:00 INFO [Queue] ig_es_update_504_alter_lists_table
2023-06-30T04:35:19+00:00 INFO [Queue] ig_es_update_504_db_version
2023-06-30T04:35:19+00:00 INFO [Queue] ig_es_migrate_post_campaigns_list_settings_into_campaign_rules
2023-06-30T04:35:19+00:00 INFO [Queue] ig_es_update_510_db_version
2023-06-30T04:35:19+00:00 INFO [Queue] ig_es_mark_system_workflows
2023-06-30T04:35:19+00:00 INFO [Queue] ig_es_update_538_db_version
2023-06-30T04:35:19+00:00 INFO [Queue] ig_es_update_540_alter_contacts_table
2023-06-30T04:35:19+00:00 INFO [Queue] ig_es_update_540_db_version
2023-06-30T04:35:19+00:00 INFO [Queue] ig_es_migrate_workflow_trigger_conditions_to_rules
2023-06-30T04:35:19+00:00 INFO [Queue] ig_es_update_550_db_version
2023-06-30T04:35:19+00:00 INFO [Queue] ig_es_update_563_enable_newsletter_summary_automation
2023-06-30T04:35:19+00:00 INFO [Queue] ig_es_update_563_db_version
2023-06-30T04:35:19+00:00 INFO [Queue] ig_es_add_average_opened_at_to_contacts_table
2023-06-30T04:35:19+00:00 INFO [Queue] ig_es_migrate_customer_timezone_settings
2023-06-30T04:35:19+00:00 INFO [Queue] ig_es_update_566_db_version
2023-06-30T04:35:19+00:00 INFO Yes, we have tasks to process
2023-06-30T04:35:19+00:00 INFO --------------------- Started To Run Task Again---------------------
2023-06-30T04:35:19+00:00 INFO [Processing] ig_es_add_index_to_list_contacts_table
2023-06-30T04:35:19+00:00 INFO --- Running Task - ig_es_add_index_to_list_contacts_table
2023-06-30T04:35:19+00:00 INFO --- Finished Task - ig_es_add_index_to_list_contacts_table 
2023-06-30T04:35:19+00:00 INFO [Processed] ig_es_add_index_to_list_contacts_table
2023-06-30T04:35:19+00:00 INFO [Processing] ig_es_update_478_db_version
2023-06-30T04:35:19+00:00 INFO --- Running Task - ig_es_update_478_db_version
2023-06-30T04:35:19+00:00 INFO --- Finished Task - ig_es_update_478_db_version 
2023-06-30T04:35:19+00:00 INFO [Processed] ig_es_update_478_db_version
2023-06-30T04:35:19+00:00 INFO [Processing] ig_es_add_primay_key_to_actions_table
2023-06-30T04:35:19+00:00 INFO --- Running Task - ig_es_add_primay_key_to_actions_table
2023-06-30T04:35:19+00:00 INFO --- Finished Task - ig_es_add_primay_key_to_actions_table 
2023-06-30T04:35:19+00:00 INFO [Processed] ig_es_add_primay_key_to_actions_table
2023-06-30T04:35:19+00:00 INFO [Processing] ig_es_update_479_db_version
2023-06-30T04:35:19+00:00 INFO --- Running Task - ig_es_update_479_db_version
2023-06-30T04:35:19+00:00 INFO --- Finished Task - ig_es_update_479_db_version 
2023-06-30T04:35:19+00:00 INFO [Processed] ig_es_update_479_db_version
2023-06-30T04:35:19+00:00 INFO [Processing] ig_es_add_engagement_score_to_contacts_table
2023-06-30T04:35:19+00:00 INFO --- Running Task - ig_es_add_engagement_score_to_contacts_table
2023-06-30T04:35:19+00:00 INFO --- Finished Task - ig_es_add_engagement_score_to_contacts_table 
2023-06-30T04:35:19+00:00 INFO [Processed] ig_es_add_engagement_score_to_contacts_table
2023-06-30T04:35:19+00:00 INFO [Processing] ig_es_calculate_existing_subscribers_engagement_score
2023-06-30T04:35:19+00:00 INFO --- Running Task - ig_es_calculate_existing_subscribers_engagement_score
2023-06-30T04:35:19+00:00 INFO --- Finished Task - ig_es_calculate_existing_subscribers_engagement_score 
2023-06-30T04:35:19+00:00 INFO [Processed] ig_es_calculate_existing_subscribers_engagement_score
2023-06-30T04:35:19+00:00 INFO [Processing] ig_es_update_483_db_version
2023-06-30T04:35:19+00:00 INFO --- Running Task - ig_es_update_483_db_version
2023-06-30T04:35:19+00:00 INFO --- Finished Task - ig_es_update_483_db_version 
2023-06-30T04:35:19+00:00 INFO [Processed] ig_es_update_483_db_version
2023-06-30T04:35:19+00:00 INFO [Processing] ig_es_update_484_create_custom_field_table
2023-06-30T04:35:19+00:00 INFO --- Running Task - ig_es_update_484_create_custom_field_table
2023-06-30T04:35:19+00:00 INFO --- Finished Task - ig_es_update_484_create_custom_field_table 
2023-06-30T04:35:19+00:00 INFO [Processed] ig_es_update_484_create_custom_field_table
2023-06-30T04:35:19+00:00 INFO [Processing] ig_es_update_484_db_version
2023-06-30T04:35:19+00:00 INFO --- Running Task - ig_es_update_484_db_version
2023-06-30T04:35:19+00:00 INFO --- Finished Task - ig_es_update_484_db_version 
2023-06-30T04:35:19+00:00 INFO [Processed] ig_es_update_484_db_version
2023-06-30T04:35:19+00:00 INFO [Processing] ig_es_update_490_alter_contacts_table
2023-06-30T04:35:19+00:00 INFO --- Running Task - ig_es_update_490_alter_contacts_table
2023-06-30T04:35:19+00:00 INFO --- Finished Task - ig_es_update_490_alter_contacts_table 
2023-06-30T04:35:19+00:00 INFO [Processed] ig_es_update_490_alter_contacts_table
2023-06-30T04:35:19+00:00 INFO [Processing] ig_es_update_490_db_version
2023-06-30T04:35:19+00:00 INFO --- Running Task - ig_es_update_490_db_version
2023-06-30T04:35:19+00:00 INFO --- Finished Task - ig_es_update_490_db_version 
2023-06-30T04:35:19+00:00 INFO [Processed] ig_es_update_490_db_version
2023-06-30T04:35:19+00:00 INFO [Processing] ig_es_update_501_migrate_notifications_into_workflows
2023-06-30T04:35:19+00:00 INFO --- Running Task - ig_es_update_501_migrate_notifications_into_workflows
2023-06-30T04:35:19+00:00 INFO --- Finished Task - ig_es_update_501_migrate_notifications_into_workflows 
2023-06-30T04:35:19+00:00 INFO [Processed] ig_es_update_501_migrate_notifications_into_workflows
2023-06-30T04:35:19+00:00 INFO [Processing] ig_es_update_501_db_version
2023-06-30T04:35:19+00:00 INFO --- Running Task - ig_es_update_501_db_version
2023-06-30T04:35:19+00:00 INFO --- Finished Task - ig_es_update_501_db_version 
2023-06-30T04:35:19+00:00 INFO [Processed] ig_es_update_501_db_version
2023-06-30T04:35:19+00:00 INFO [Processing] ig_es_update_503_alter_contacts_table
2023-06-30T04:35:19+00:00 INFO --- Running Task - ig_es_update_503_alter_contacts_table
2023-06-30T04:35:19+00:00 INFO --- Finished Task - ig_es_update_503_alter_contacts_table 
2023-06-30T04:35:19+00:00 INFO [Processed] ig_es_update_503_alter_contacts_table
2023-06-30T04:35:19+00:00 INFO [Processing] ig_es_update_503_alter_sending_queue_table
2023-06-30T04:35:19+00:00 INFO --- Running Task - ig_es_update_503_alter_sending_queue_table
2023-06-30T04:35:19+00:00 INFO --- Finished Task - ig_es_update_503_alter_sending_queue_table 
2023-06-30T04:35:19+00:00 INFO [Processed] ig_es_update_503_alter_sending_queue_table
2023-06-30T04:35:19+00:00 INFO [Processing] ig_es_add_timezone_to_contacts_table
2023-06-30T04:35:19+00:00 INFO --- Running Task - ig_es_add_timezone_to_contacts_table
2023-06-30T04:35:19+00:00 INFO --- Finished Task - ig_es_add_timezone_to_contacts_table 
2023-06-30T04:35:19+00:00 INFO [Processed] ig_es_add_timezone_to_contacts_table
2023-06-30T04:35:19+00:00 INFO [Processing] ig_es_update_503_db_version
2023-06-30T04:35:19+00:00 INFO --- Running Task - ig_es_update_503_db_version
2023-06-30T04:35:19+00:00 INFO --- Finished Task - ig_es_update_503_db_version 
2023-06-30T04:35:19+00:00 INFO [Processed] ig_es_update_503_db_version
2023-06-30T04:35:19+00:00 INFO [Processing] ig_es_update_504_alter_lists_table
2023-06-30T04:35:19+00:00 INFO --- Running Task - ig_es_update_504_alter_lists_table
2023-06-30T04:35:19+00:00 INFO --- Finished Task - ig_es_update_504_alter_lists_table 
2023-06-30T04:35:19+00:00 INFO [Processed] ig_es_update_504_alter_lists_table
2023-06-30T04:35:19+00:00 INFO [Processing] ig_es_update_504_db_version
2023-06-30T04:35:19+00:00 INFO --- Running Task - ig_es_update_504_db_version
2023-06-30T04:35:19+00:00 INFO --- Finished Task - ig_es_update_504_db_version 
2023-06-30T04:35:19+00:00 INFO [Processed] ig_es_update_504_db_version
2023-06-30T04:35:19+00:00 INFO [Processing] ig_es_migrate_post_campaigns_list_settings_into_campaign_rules
2023-06-30T04:35:19+00:00 INFO --- Running Task - ig_es_migrate_post_campaigns_list_settings_into_campaign_rules
2023-06-30T04:35:19+00:00 INFO --- Finished Task - ig_es_migrate_post_campaigns_list_settings_into_campaign_rules 
2023-06-30T04:35:19+00:00 INFO [Processed] ig_es_migrate_post_campaigns_list_settings_into_campaign_rules
2023-06-30T04:35:19+00:00 INFO [Processing] ig_es_update_510_db_version
2023-06-30T04:35:19+00:00 INFO --- Running Task - ig_es_update_510_db_version
2023-06-30T04:35:19+00:00 INFO --- Finished Task - ig_es_update_510_db_version 
2023-06-30T04:35:19+00:00 INFO [Processed] ig_es_update_510_db_version
2023-06-30T04:35:19+00:00 INFO [Processing] ig_es_mark_system_workflows
2023-06-30T04:35:19+00:00 INFO --- Running Task - ig_es_mark_system_workflows
2023-06-30T04:35:19+00:00 INFO --- Finished Task - ig_es_mark_system_workflows 
2023-06-30T04:35:19+00:00 INFO [Processed] ig_es_mark_system_workflows
2023-06-30T04:35:19+00:00 INFO [Processing] ig_es_update_538_db_version
2023-06-30T04:35:19+00:00 INFO --- Running Task - ig_es_update_538_db_version
2023-06-30T04:35:19+00:00 INFO --- Finished Task - ig_es_update_538_db_version 
2023-06-30T04:35:19+00:00 INFO [Processed] ig_es_update_538_db_version
2023-06-30T04:35:19+00:00 INFO [Processing] ig_es_update_540_alter_contacts_table
2023-06-30T04:35:19+00:00 INFO --- Running Task - ig_es_update_540_alter_contacts_table
2023-06-30T04:35:19+00:00 INFO --- Finished Task - ig_es_update_540_alter_contacts_table 
2023-06-30T04:35:19+00:00 INFO [Processed] ig_es_update_540_alter_contacts_table
2023-06-30T04:35:19+00:00 INFO [Processing] ig_es_update_540_db_version
2023-06-30T04:35:19+00:00 INFO --- Running Task - ig_es_update_540_db_version
2023-06-30T04:35:19+00:00 INFO --- Finished Task - ig_es_update_540_db_version 
2023-06-30T04:35:19+00:00 INFO [Processed] ig_es_update_540_db_version
2023-06-30T04:35:19+00:00 INFO [Processing] ig_es_migrate_workflow_trigger_conditions_to_rules
2023-06-30T04:35:19+00:00 INFO --- Running Task - ig_es_migrate_workflow_trigger_conditions_to_rules
2023-06-30T04:35:19+00:00 INFO --- Finished Task - ig_es_migrate_workflow_trigger_conditions_to_rules 
2023-06-30T04:35:19+00:00 INFO [Processed] ig_es_migrate_workflow_trigger_conditions_to_rules
2023-06-30T04:35:19+00:00 INFO [Processing] ig_es_update_550_db_version
2023-06-30T04:35:19+00:00 INFO --- Running Task - ig_es_update_550_db_version
2023-06-30T04:35:19+00:00 INFO --- Finished Task - ig_es_update_550_db_version 
2023-06-30T04:35:19+00:00 INFO [Processed] ig_es_update_550_db_version
2023-06-30T04:35:19+00:00 INFO [Processing] ig_es_update_563_enable_newsletter_summary_automation
2023-06-30T04:35:19+00:00 INFO --- Running Task - ig_es_update_563_enable_newsletter_summary_automation
2023-06-30T04:35:19+00:00 INFO --- Finished Task - ig_es_update_563_enable_newsletter_summary_automation 
2023-06-30T04:35:19+00:00 INFO [Processed] ig_es_update_563_enable_newsletter_summary_automation
2023-06-30T04:35:19+00:00 INFO [Processing] ig_es_update_563_db_version
2023-06-30T04:35:19+00:00 INFO --- Running Task - ig_es_update_563_db_version
2023-06-30T04:35:19+00:00 INFO --- Finished Task - ig_es_update_563_db_version 
2023-06-30T04:35:19+00:00 INFO [Processed] ig_es_update_563_db_version
2023-06-30T04:35:19+00:00 INFO [Processing] ig_es_add_average_opened_at_to_contacts_table
2023-06-30T04:35:19+00:00 INFO --- Running Task - ig_es_add_average_opened_at_to_contacts_table
2023-06-30T04:35:19+00:00 INFO --- Finished Task - ig_es_add_average_opened_at_to_contacts_table 
2023-06-30T04:35:19+00:00 INFO [Processed] ig_es_add_average_opened_at_to_contacts_table
2023-06-30T04:35:19+00:00 INFO [Processing] ig_es_migrate_customer_timezone_settings
2023-06-30T04:35:19+00:00 INFO --- Running Task - ig_es_migrate_customer_timezone_settings
2023-06-30T04:35:19+00:00 INFO --- Finished Task - ig_es_migrate_customer_timezone_settings 
2023-06-30T04:35:19+00:00 INFO [Processed] ig_es_migrate_customer_timezone_settings
2023-06-30T04:35:19+00:00 INFO [Processing] ig_es_update_566_db_version
2023-06-30T04:35:19+00:00 INFO --- Running Task - ig_es_update_566_db_version
2023-06-30T04:35:19+00:00 INFO --- Finished Task - ig_es_update_566_db_version 
2023-06-30T04:35:19+00:00 INFO [Processed] ig_es_update_566_db_version
